Started GET "/epic_games/library?auth_code=8bf583fb1c2f42439168f69c5036c9f5" for 127.0.0.1 at 2026-04-17 22:20:30 -0300
Processing by EpicGames::LibraryController#index as */*
  Parameters: {"auth_code"=>"8bf583fb1c2f42439168f69c5036c9f5"}
Completed 422 Unprocessable Content in 135ms (Views: 0.6ms | Allocations: 1077)


Started GET "/epic_games/library?auth_code=8bf583fb1c2f42439168f69c5036c9f5" for 127.0.0.1 at 2026-04-17 22:21:50 -0300
Processing by EpicGames::LibraryController#index as */*
  Parameters: {"auth_code"=>"8bf583fb1c2f42439168f69c5036c9f5"}
Completed 422 Unprocessable Content in 137ms (Views: 0.2ms | Allocations: 275)


Started GET "/epic_games/library?auth_code=8bf583fb1c2f42439168f69c5036c9f5" for 127.0.0.1 at 2026-04-17 22:23:02 -0300
Processing by EpicGames::LibraryController#index as */*
  Parameters: {"auth_code"=>"8bf583fb1c2f42439168f69c5036c9f5"}
Completed 422 Unprocessable Content in 1594ms (Views: 0.2ms | Allocations: 265)


Started GET "/epic_games/library?auth_code=e173110bb8c5445aac73433bf0f1f420" for 127.0.0.1 at 2026-04-17 22:25:41 -0300
Processing by EpicGames::LibraryController#index as */*
  Parameters: {"auth_code"=>"e173110bb8c5445aac73433bf0f1f420"}
Completed 422 Unprocessable Content in 1741ms (Views: 0.2ms | Allocations: 267)


Started GET "/epic_games/library?auth_code=f2aa11fab74b4e2da57be8c5803ac374" for 127.0.0.1 at 2026-04-18 00:39:25 -0300
Processing by EpicGames::LibraryController#index as */*
  Parameters: {"auth_code"=>"f2aa11fab74b4e2da57be8c5803ac374"}
Completed 422 Unprocessable Content in 814ms (Views: 0.3ms | Allocations: 260)


Started GET "/epic_games/library?auth_code=10150dca4cd54f8fb0c77222de15c74b" for 127.0.0.1 at 2026-04-18 00:39:40 -0300
Processing by EpicGames::LibraryController#index as */*
  Parameters: {"auth_code"=>"10150dca4cd54f8fb0c77222de15c74b"}
Completed 200 OK in 2023ms (Views: 0.6ms | Allocations: 1926)


  
ActionDispatch::Cookies::CookieOverflow (_epic_tracker_session cookie overflowed with size 7512 bytes):
  
actionpack (7.1.6) lib/action_dispatch/middleware/cookies.rb:597:in `check_for_overflow!'
actionpack (7.1.6) lib/action_dispatch/middleware/cookies.rb:679:in `commit'
actionpack (7.1.6) lib/action_dispatch/middleware/cookies.rb:515:in `[]='
actionpack (7.1.6) lib/action_dispatch/middleware/session/cookie_store.rb:116:in `set_cookie'
rack-session (2.1.2) lib/rack/session/abstract/id.rb:411:in `commit_session'
actionpack (7.1.6) lib/action_dispatch/middleware/session/abstract_store.rb:72:in `commit_session'
rack-session (2.1.2) lib/rack/session/abstract/id.rb:276:in `context'
rack-session (2.1.2) lib/rack/session/abstract/id.rb:268:in `call'
actionpack (7.1.6) lib/action_dispatch/middleware/cookies.rb:689:in `call'
actionpack (7.1.6) lib/action_dispatch/middleware/callbacks.rb:29:in `block in call'
activesupport (7.1.6) lib/active_support/callbacks.rb:101:in `run_callbacks'
actionpack (7.1.6) lib/action_dispatch/middleware/callbacks.rb:28:in `call'
actionpack (7.1.6) lib/action_dispatch/middleware/executor.rb:14:in `call'
actionpack (7.1.6) lib/action_dispatch/middleware/actionable_exceptions.rb:16:in `call'
actionpack (7.1.6) lib/action_dispatch/middleware/debug_exceptions.rb:29:in `call'
web-console (4.2.1) lib/web_console/middleware.rb:132:in `call_app'
web-console (4.2.1) lib/web_console/middleware.rb:28:in `block in call'
web-console (4.2.1) lib/web_console/middleware.rb:17:in `catch'
web-console (4.2.1) lib/web_console/middleware.rb:17:in `call'
actionpack (7.1.6) lib/action_dispatch/middleware/show_exceptions.rb:31:in `call'
railties (7.1.6) lib/rails/rack/logger.rb:37:in `call_app'
railties (7.1.6) lib/rails/rack/logger.rb:24:in `block in call'
activesupport (7.1.6) lib/active_support/tagged_logging.rb:139:in `block in tagged'
activesupport (7.1.6) lib/active_support/tagged_logging.rb:39:in `tagged'
activesupport (7.1.6) lib/active_support/tagged_logging.rb:139:in `tagged'
activesupport (7.1.6) lib/active_support/broadcast_logger.rb:241:in `method_missing'
railties (7.1.6) lib/rails/rack/logger.rb:24:in `call'
actionpack (7.1.6) lib/action_dispatch/middleware/remote_ip.rb:92:in `call'
actionpack (7.1.6) lib/action_dispatch/middleware/request_id.rb:28:in `call'
rack (3.2.6) lib/rack/method_override.rb:28:in `call'
rack (3.2.6) lib/rack/runtime.rb:24:in `call'
activesupport (7.1.6) lib/active_support/cache/strategy/local_cache_middleware.rb:29:in `call'
actionpack (7.1.6) lib/action_dispatch/middleware/server_timing.rb:59:in `block in call'
actionpack (7.1.6) lib/action_dispatch/middleware/server_timing.rb:24:in `collect_events'
actionpack (7.1.6) lib/action_dispatch/middleware/server_timing.rb:58:in `call'
actionpack (7.1.6) lib/action_dispatch/middleware/executor.rb:14:in `call'
actionpack (7.1.6) lib/action_dispatch/middleware/static.rb:25:in `call'
rack (3.2.6) lib/rack/sendfile.rb:131:in `call'
actionpack (7.1.6) lib/action_dispatch/middleware/host_authorization.rb:141:in `call'
railties (7.1.6) lib/rails/engine.rb:536:in `call'
puma (8.0.0) lib/puma/configuration.rb:305:in `call'
puma (8.0.0) lib/puma/response.rb:79:in `block in handle_request'
puma (8.0.0) lib/puma/thread_pool.rb:434:in `with_force_shutdown'
puma (8.0.0) lib/puma/response.rb:78:in `handle_request'
puma (8.0.0) lib/puma/server.rb:508:in `process_client'
puma (8.0.0) lib/puma/server.rb:263:in `block in run'
puma (8.0.0) lib/puma/thread_pool.rb:246:in `block in spawn_thread'
Started GET "/epic_games/library?auth_code=a10915b1731245bbad30855c624a1ead" for 127.0.0.1 at 2026-04-18 00:40:10 -0300
Processing by EpicGames::LibraryController#index as */*
  Parameters: {"auth_code"=>"a10915b1731245bbad30855c624a1ead"}
Completed 200 OK in 2014ms (Views: 2.4ms | Allocations: 1894)


  
ActionDispatch::Cookies::CookieOverflow (_epic_tracker_session cookie overflowed with size 7512 bytes):
  
actionpack (7.1.6) lib/action_dispatch/middleware/cookies.rb:597:in `check_for_overflow!'
actionpack (7.1.6) lib/action_dispatch/middleware/cookies.rb:679:in `commit'
actionpack (7.1.6) lib/action_dispatch/middleware/cookies.rb:515:in `[]='
actionpack (7.1.6) lib/action_dispatch/middleware/session/cookie_store.rb:116:in `set_cookie'
rack-session (2.1.2) lib/rack/session/abstract/id.rb:411:in `commit_session'
actionpack (7.1.6) lib/action_dispatch/middleware/session/abstract_store.rb:72:in `commit_session'
rack-session (2.1.2) lib/rack/session/abstract/id.rb:276:in `context'
rack-session (2.1.2) lib/rack/session/abstract/id.rb:268:in `call'
actionpack (7.1.6) lib/action_dispatch/middleware/cookies.rb:689:in `call'
actionpack (7.1.6) lib/action_dispatch/middleware/callbacks.rb:29:in `block in call'
activesupport (7.1.6) lib/active_support/callbacks.rb:101:in `run_callbacks'
actionpack (7.1.6) lib/action_dispatch/middleware/callbacks.rb:28:in `call'
actionpack (7.1.6) lib/action_dispatch/middleware/executor.rb:14:in `call'
actionpack (7.1.6) lib/action_dispatch/middleware/actionable_exceptions.rb:16:in `call'
actionpack (7.1.6) lib/action_dispatch/middleware/debug_exceptions.rb:29:in `call'
web-console (4.2.1) lib/web_console/middleware.rb:132:in `call_app'
web-console (4.2.1) lib/web_console/middleware.rb:28:in `block in call'
web-console (4.2.1) lib/web_console/middleware.rb:17:in `catch'
web-console (4.2.1) lib/web_console/middleware.rb:17:in `call'
actionpack (7.1.6) lib/action_dispatch/middleware/show_exceptions.rb:31:in `call'
railties (7.1.6) lib/rails/rack/logger.rb:37:in `call_app'
railties (7.1.6) lib/rails/rack/logger.rb:24:in `block in call'
activesupport (7.1.6) lib/active_support/tagged_logging.rb:139:in `block in tagged'
activesupport (7.1.6) lib/active_support/tagged_logging.rb:39:in `tagged'
activesupport (7.1.6) lib/active_support/tagged_logging.rb:139:in `tagged'
activesupport (7.1.6) lib/active_support/broadcast_logger.rb:241:in `method_missing'
railties (7.1.6) lib/rails/rack/logger.rb:24:in `call'
actionpack (7.1.6) lib/action_dispatch/middleware/remote_ip.rb:92:in `call'
actionpack (7.1.6) lib/action_dispatch/middleware/request_id.rb:28:in `call'
rack (3.2.6) lib/rack/method_override.rb:28:in `call'
rack (3.2.6) lib/rack/runtime.rb:24:in `call'
activesupport (7.1.6) lib/active_support/cache/strategy/local_cache_middleware.rb:29:in `call'
actionpack (7.1.6) lib/action_dispatch/middleware/server_timing.rb:59:in `block in call'
actionpack (7.1.6) lib/action_dispatch/middleware/server_timing.rb:24:in `collect_events'
actionpack (7.1.6) lib/action_dispatch/middleware/server_timing.rb:58:in `call'
actionpack (7.1.6) lib/action_dispatch/middleware/executor.rb:14:in `call'
actionpack (7.1.6) lib/action_dispatch/middleware/static.rb:25:in `call'
rack (3.2.6) lib/rack/sendfile.rb:131:in `call'
actionpack (7.1.6) lib/action_dispatch/middleware/host_authorization.rb:141:in `call'
railties (7.1.6) lib/rails/engine.rb:536:in `call'
puma (8.0.0) lib/puma/configuration.rb:305:in `call'
puma (8.0.0) lib/puma/response.rb:79:in `block in handle_request'
puma (8.0.0) lib/puma/thread_pool.rb:434:in `with_force_shutdown'
puma (8.0.0) lib/puma/response.rb:78:in `handle_request'
puma (8.0.0) lib/puma/server.rb:508:in `process_client'
puma (8.0.0) lib/puma/server.rb:263:in `block in run'
puma (8.0.0) lib/puma/thread_pool.rb:246:in `block in spawn_thread'
Started GET "/epic_games/library?auth_code=d6e24ded66a84331be3b40dc9c5aa4fd" for 127.0.0.1 at 2026-04-18 00:40:28 -0300
Processing by EpicGames::LibraryController#index as */*
  Parameters: {"auth_code"=>"d6e24ded66a84331be3b40dc9c5aa4fd"}
Completed 200 OK in 2066ms (Views: 0.4ms | Allocations: 1892)


  
ActionDispatch::Cookies::CookieOverflow (_epic_tracker_session cookie overflowed with size 7512 bytes):
  
actionpack (7.1.6) lib/action_dispatch/middleware/cookies.rb:597:in `check_for_overflow!'
actionpack (7.1.6) lib/action_dispatch/middleware/cookies.rb:679:in `commit'
actionpack (7.1.6) lib/action_dispatch/middleware/cookies.rb:515:in `[]='
actionpack (7.1.6) lib/action_dispatch/middleware/session/cookie_store.rb:116:in `set_cookie'
rack-session (2.1.2) lib/rack/session/abstract/id.rb:411:in `commit_session'
actionpack (7.1.6) lib/action_dispatch/middleware/session/abstract_store.rb:72:in `commit_session'
rack-session (2.1.2) lib/rack/session/abstract/id.rb:276:in `context'
rack-session (2.1.2) lib/rack/session/abstract/id.rb:268:in `call'
actionpack (7.1.6) lib/action_dispatch/middleware/cookies.rb:689:in `call'
actionpack (7.1.6) lib/action_dispatch/middleware/callbacks.rb:29:in `block in call'
activesupport (7.1.6) lib/active_support/callbacks.rb:101:in `run_callbacks'
actionpack (7.1.6) lib/action_dispatch/middleware/callbacks.rb:28:in `call'
actionpack (7.1.6) lib/action_dispatch/middleware/executor.rb:14:in `call'
actionpack (7.1.6) lib/action_dispatch/middleware/actionable_exceptions.rb:16:in `call'
actionpack (7.1.6) lib/action_dispatch/middleware/debug_exceptions.rb:29:in `call'
web-console (4.2.1) lib/web_console/middleware.rb:132:in `call_app'
web-console (4.2.1) lib/web_console/middleware.rb:28:in `block in call'
web-console (4.2.1) lib/web_console/middleware.rb:17:in `catch'
web-console (4.2.1) lib/web_console/middleware.rb:17:in `call'
actionpack (7.1.6) lib/action_dispatch/middleware/show_exceptions.rb:31:in `call'
railties (7.1.6) lib/rails/rack/logger.rb:37:in `call_app'
railties (7.1.6) lib/rails/rack/logger.rb:24:in `block in call'
activesupport (7.1.6) lib/active_support/tagged_logging.rb:139:in `block in tagged'
activesupport (7.1.6) lib/active_support/tagged_logging.rb:39:in `tagged'
activesupport (7.1.6) lib/active_support/tagged_logging.rb:139:in `tagged'
activesupport (7.1.6) lib/active_support/broadcast_logger.rb:241:in `method_missing'
railties (7.1.6) lib/rails/rack/logger.rb:24:in `call'
actionpack (7.1.6) lib/action_dispatch/middleware/remote_ip.rb:92:in `call'
actionpack (7.1.6) lib/action_dispatch/middleware/request_id.rb:28:in `call'
rack (3.2.6) lib/rack/method_override.rb:28:in `call'
rack (3.2.6) lib/rack/runtime.rb:24:in `call'
activesupport (7.1.6) lib/active_support/cache/strategy/local_cache_middleware.rb:29:in `call'
actionpack (7.1.6) lib/action_dispatch/middleware/server_timing.rb:59:in `block in call'
actionpack (7.1.6) lib/action_dispatch/middleware/server_timing.rb:24:in `collect_events'
actionpack (7.1.6) lib/action_dispatch/middleware/server_timing.rb:58:in `call'
actionpack (7.1.6) lib/action_dispatch/middleware/executor.rb:14:in `call'
actionpack (7.1.6) lib/action_dispatch/middleware/static.rb:25:in `call'
rack (3.2.6) lib/rack/sendfile.rb:131:in `call'
actionpack (7.1.6) lib/action_dispatch/middleware/host_authorization.rb:141:in `call'
railties (7.1.6) lib/rails/engine.rb:536:in `call'
puma (8.0.0) lib/puma/configuration.rb:305:in `call'
puma (8.0.0) lib/puma/response.rb:79:in `block in handle_request'
puma (8.0.0) lib/puma/thread_pool.rb:434:in `with_force_shutdown'
puma (8.0.0) lib/puma/response.rb:78:in `handle_request'
puma (8.0.0) lib/puma/server.rb:508:in `process_client'
puma (8.0.0) lib/puma/server.rb:263:in `block in run'
puma (8.0.0) lib/puma/thread_pool.rb:246:in `block in spawn_thread'
Started GET "/epic_games/library?auth_code=f530cebb635e425a9e76fa5101f4a150" for 127.0.0.1 at 2026-04-18 00:41:31 -0300
Processing by EpicGames::LibraryController#index as */*
  Parameters: {"auth_code"=>"f530cebb635e425a9e76fa5101f4a150"}
Completed 200 OK in 1989ms (Views: 0.5ms | Allocations: 1893)


  
ActionDispatch::Cookies::CookieOverflow (_epic_tracker_session cookie overflowed with size 7512 bytes):
  
actionpack (7.1.6) lib/action_dispatch/middleware/cookies.rb:597:in `check_for_overflow!'
actionpack (7.1.6) lib/action_dispatch/middleware/cookies.rb:679:in `commit'
actionpack (7.1.6) lib/action_dispatch/middleware/cookies.rb:515:in `[]='
actionpack (7.1.6) lib/action_dispatch/middleware/session/cookie_store.rb:116:in `set_cookie'
rack-session (2.1.2) lib/rack/session/abstract/id.rb:411:in `commit_session'
actionpack (7.1.6) lib/action_dispatch/middleware/session/abstract_store.rb:72:in `commit_session'
rack-session (2.1.2) lib/rack/session/abstract/id.rb:276:in `context'
rack-session (2.1.2) lib/rack/session/abstract/id.rb:268:in `call'
actionpack (7.1.6) lib/action_dispatch/middleware/cookies.rb:689:in `call'
actionpack (7.1.6) lib/action_dispatch/middleware/callbacks.rb:29:in `block in call'
activesupport (7.1.6) lib/active_support/callbacks.rb:101:in `run_callbacks'
actionpack (7.1.6) lib/action_dispatch/middleware/callbacks.rb:28:in `call'
actionpack (7.1.6) lib/action_dispatch/middleware/executor.rb:14:in `call'
actionpack (7.1.6) lib/action_dispatch/middleware/actionable_exceptions.rb:16:in `call'
actionpack (7.1.6) lib/action_dispatch/middleware/debug_exceptions.rb:29:in `call'
web-console (4.2.1) lib/web_console/middleware.rb:132:in `call_app'
web-console (4.2.1) lib/web_console/middleware.rb:28:in `block in call'
web-console (4.2.1) lib/web_console/middleware.rb:17:in `catch'
web-console (4.2.1) lib/web_console/middleware.rb:17:in `call'
actionpack (7.1.6) lib/action_dispatch/middleware/show_exceptions.rb:31:in `call'
railties (7.1.6) lib/rails/rack/logger.rb:37:in `call_app'
railties (7.1.6) lib/rails/rack/logger.rb:24:in `block in call'
activesupport (7.1.6) lib/active_support/tagged_logging.rb:139:in `block in tagged'
activesupport (7.1.6) lib/active_support/tagged_logging.rb:39:in `tagged'
activesupport (7.1.6) lib/active_support/tagged_logging.rb:139:in `tagged'
activesupport (7.1.6) lib/active_support/broadcast_logger.rb:241:in `method_missing'
railties (7.1.6) lib/rails/rack/logger.rb:24:in `call'
actionpack (7.1.6) lib/action_dispatch/middleware/remote_ip.rb:92:in `call'
actionpack (7.1.6) lib/action_dispatch/middleware/request_id.rb:28:in `call'
rack (3.2.6) lib/rack/method_override.rb:28:in `call'
rack (3.2.6) lib/rack/runtime.rb:24:in `call'
activesupport (7.1.6) lib/active_support/cache/strategy/local_cache_middleware.rb:29:in `call'
actionpack (7.1.6) lib/action_dispatch/middleware/server_timing.rb:59:in `block in call'
actionpack (7.1.6) lib/action_dispatch/middleware/server_timing.rb:24:in `collect_events'
actionpack (7.1.6) lib/action_dispatch/middleware/server_timing.rb:58:in `call'
actionpack (7.1.6) lib/action_dispatch/middleware/executor.rb:14:in `call'
actionpack (7.1.6) lib/action_dispatch/middleware/static.rb:25:in `call'
rack (3.2.6) lib/rack/sendfile.rb:131:in `call'
actionpack (7.1.6) lib/action_dispatch/middleware/host_authorization.rb:141:in `call'
railties (7.1.6) lib/rails/engine.rb:536:in `call'
puma (8.0.0) lib/puma/configuration.rb:305:in `call'
puma (8.0.0) lib/puma/response.rb:79:in `block in handle_request'
puma (8.0.0) lib/puma/thread_pool.rb:434:in `with_force_shutdown'
puma (8.0.0) lib/puma/response.rb:78:in `handle_request'
puma (8.0.0) lib/puma/server.rb:508:in `process_client'
puma (8.0.0) lib/puma/server.rb:263:in `block in run'
puma (8.0.0) lib/puma/thread_pool.rb:246:in `block in spawn_thread'
Started GET "/epic_games/library?auth_code=0178a04770074013a37cf19698293663" for 127.0.0.1 at 2026-04-18 00:49:16 -0300
Processing by EpicGames::LibraryController#index as */*
  Parameters: {"auth_code"=>"0178a04770074013a37cf19698293663"}
Completed 200 OK in 1992ms (Views: 0.9ms | Allocations: 2212)


Started GET "/epic_games/library?auth_code=cfdd6f2933b24b1ebc209e4c29e353cc" for 127.0.0.1 at 2026-04-18 01:08:27 -0300
Processing by EpicGames::LibraryController#index as */*
  Parameters: {"auth_code"=>"cfdd6f2933b24b1ebc209e4c29e353cc"}
Completed 200 OK in 2726ms (Views: 0.5ms | Allocations: 1701)


Started GET "/epic_games/library?auth_code=54e1141bfe4d45338fb330e5e202a9b7" for 127.0.0.1 at 2026-04-18 01:13:41 -0300
Processing by EpicGames::LibraryController#index as */*
  Parameters: {"auth_code"=>"54e1141bfe4d45338fb330e5e202a9b7"}
Completed 200 OK in 2954ms (Views: 0.2ms | Allocations: 859)


